{"status":"success","message":"sdsdf joined the chat","userName":"","id":0,"time":1588064840063,"sendToSelf":true,"sendToOthers":true,"level":"info"}
{"status":"success","userName":"sdsdf","message":"sdfsdfsdf","time":1588064841342,"sendToSelf":true,"sendToOthers":true,"level":"info"}
{"level":"info","message":""}
{"level":"info","message":""}
{"level":"info","message":""}
{"level":"info","message":""}
{"message":"Message sent by sdfsdf: \"sdfsdfsdf\"","level":"info"}
{"message":"$New connected client {client.id}","level":"info"}
{"message":"$New connected client fAdFH74UEOo3mlGCAAAA","level":"info"}
{"message":"New connected client Z4zkq8irpLXI-vi1AAAA","level":"info"}
{"message":"Connected client zFUY6LV1HkjI-IarAAAA","level":"info"}
{"message":"Connected client with id VvVjNJxvv06DLjZ_AAAA","level":"info"}
{"message":"Connected client jPZIfvdPMTscrR0SAAAA","level":"info"}
{"message":"Connected client GY3UXFt8jbZw48-6AAAA","level":"info"}
{"message":"Connected client _2XgQRpDiWI2Q5HlAAAA","level":"info"}
{"message":"Connected client CAPrKdqAtPgPxfa5AAAB","level":"info"}
{"message":"dfssdf joined chat","level":"info"}
{"message":"Message sent by dfssdf","level":"info"}
{"message":"Message sent by dfssdf","level":"info"}
{"message":"Connected client tFsq3Dpb1SYED0yUAAAA","level":"info"}
{"message":"Connected client V_FquWfUdFqbGum0AAAB","level":"info"}
{"message":"Connected client qBWzUxwqwFXXjfuEAAAA","level":"info"}
{"message":"Connected client xTpW3YPIOnKjPiGsAAAB","level":"info"}
{"level":"error","message":"Server shut down"}
{"message":"Connected client x--2HXIHGMCRqWLiAAAA","level":"info"}
{"message":"Connected client iClhcM5UuRmUIJUVAAAB","level":"info"}
{"level":"error","message":"Server shut down while serving clients"}
{"message":"Connected client Cbj5TLmgUWokmNKQAAAA","level":"info"}
{"message":"Connected client vHMGoU1ZQx9v1O0QAAAB","level":"info"}
{"level":"error","message":"Server shut down while serving clients"}
{"message":"Connected client muWgkkMj9LuNNS7eAAAA","level":"info"}
{"message":"Connected client TL9R82-XMmxBXel7AAAB","level":"info"}
{"message":"Server shut down while serving clients","level":"error"}
{"message":"Connected client jjfCGoEcGRTb7G9IAAAA","level":"info"}
{"message":"Connected client nilcWqDb1BBjuqIWAAAB","level":"info"}
{"message":"Server shut down while serving clients","level":"error"}
{"message":"Connected client xKj_GDtWqtJrZcY6AAAA","level":"info"}
{"message":"Connected client G9kKYlWfqjTzFN1gAAAB","level":"info"}
{"message":"Connected client WNOU0rpvA1lIzc7gAAAA","level":"info"}
{"message":"Connected client TUAeSTKdNVJJcMPFAAAB","level":"info"}
{"message":"Connected client qO8ZNfvnWyrde4DZAAAA","level":"info"}
{"message":"Connected client fLwI7nQinZtH49FWAAAB","level":"info"}
{"message":"Connected client yhliluJEheeL9OYzAAAA","level":"info"}
{"message":"Connected client PXgduQbProOA2RBTAAAB","level":"info"}
{"message":"Connected client 50fWXHWLM6TUbxxnAAAA","level":"info"}
{"message":"Connected client P2YYLYUSd-o5MzJMAAAB","level":"info"}
{"message":"asdasd joined chat","level":"info"}
{"message":"Message sent by asdasd","level":"info"}
{"message":"Message sent by asdasd","level":"info"}
{"message":"Message sent by asdasd","level":"info"}
{"message":"Message sent by asdasd","level":"info"}
{"message":"Message sent by asdasd","level":"info"}
{"message":"asasdasd joined chat","level":"info"}
{"message":"Message sent by asasdasd","level":"info"}
{"message":"Message sent by asasdasd","level":"info"}
{"message":"Message sent by asasdasd","level":"info"}
{"message":"Message sent by asasdasd","level":"info"}
{"message":"Message sent by asasdasd","level":"info"}
{"message":"Message sent by asasdasd","level":"info"}
{"message":"Connected client TdRBAv778nEyFlavAAAA","level":"info"}
{"message":"Connected client oWUuLyZtaZusFzedAAAA","level":"info"}
{"message":"Connected client w4kEfm7ahDiM6EDjAAAA","level":"info"}
{"message":"Connected client JuGsMi9xCsPIjnT9AAAA","level":"info"}
{"message":"Connected client KoY6DOt3JLg2m3DmAAAA","level":"info"}
{"message":"Connected client IWv9j1feytEG1c-XAAAA","level":"info"}
{"message":"Connected client z0_j_Brspc4rpDYHAAAA","level":"info"}
{"message":"Connected client If8kTNjandHeuCboAAAA","level":"info"}
{"message":"Connected client 1mFaaegtpWLZkWoeAAAA","level":"info"}
{"message":"dssdf joined chat","level":"info"}
{"message":"Message sent by dssdf","level":"info"}
{"message":"Message sent by dssdf","level":"info"}
{"message":"Message sent by dssdf","level":"info"}
{"message":"Message sent by dssdf","level":"info"}
{"message":"Message sent by dssdf","level":"info"}
{"message":"Message sent by dssdf","level":"info"}
{"message":"Message sent by dssdf","level":"info"}
{"message":"[object Object] left the chat","level":"info"}
{"message":"sdfsdf joined chat","level":"info"}
{"message":"[object Object] was disconnected","level":"info"}
{"message":"Connected client rug28SFg6aoTmz1yAAAB","level":"info"}
{"message":"sdfsdf joined chat","level":"info"}
{"message":"Connected client MHqBEoZpWtJXU_jMAAAC","level":"info"}
{"message":"sdfsdfsdf joined chat","level":"info"}
{"message":"Message sent by sdfsdfsdf","level":"info"}
{"message":"Message sent by sdfsdfsdf","level":"info"}
{"message":"Message sent by sdfsdfsdf","level":"info"}
{"message":"Message sent by sdfsdfsdf","level":"info"}
{"message":"Message sent by sdfsdfsdf","level":"info"}
{"message":"Message sent by sdfsdfsdf","level":"info"}
{"message":"Message sent by sdfsdfsdf","level":"info"}
{"message":"Message sent by sdfsdf","level":"info"}
{"message":"Message sent by sdfsdf","level":"info"}
{"message":"Message sent by sdfsdf","level":"info"}
{"message":"Message sent by sdfsdf","level":"info"}
{"message":"Message sent by sdfsdf","level":"info"}
{"message":"Message sent by sdfsdf","level":"info"}
